[22:23:31] [main/INFO]: Loading Minecraft 1.20.1 with Fabric Loader 0.15.11
[22:23:31] [main/INFO]: Loading 64 mods:
	- diagonalwalls 8.0.3
	   \-- diagonalblocks 8.0.5
	- fabric-api 0.92.1+1.20.1
	   |-- fabric-api-base 0.4.31+1802ada577
	   |-- fabric-api-lookup-api-v1 1.6.36+1802ada577
	   |-- fabric-biome-api-v1 13.0.13+1802ada577
	   |-- fabric-block-api-v1 1.0.11+1802ada577
	   |-- fabric-block-view-api-v2 1.0.1+1802ada577
	   |-- fabric-blockrenderlayer-v1 1.1.41+1802ada577
	   |-- fabric-client-tags-api-v1 1.1.2+1802ada577
	   |-- fabric-command-api-v1 1.2.34+f71b366f77
	   |-- fabric-command-api-v2 2.2.13+1802ada577
	   |-- fabric-commands-v0 0.2.51+df3654b377
	   |-- fabric-containers-v0 0.1.64+df3654b377
	   |-- fabric-content-registries-v0 4.0.11+1802ada577
	   |-- fabric-convention-tags-v1 1.5.5+1802ada577
	   |-- fabric-crash-report-info-v1 0.2.19+1802ada577
	   |-- fabric-data-attachment-api-v1 1.0.0+de0fd6d177
	   |-- fabric-data-generation-api-v1 12.3.4+1802ada577
	   |-- fabric-dimensions-v1 2.1.54+1802ada577
	   |-- fabric-entity-events-v1 1.6.0+1c78457f77
	   |-- fabric-events-interaction-v0 0.6.2+1802ada577
	   |-- fabric-events-lifecycle-v0 0.2.63+df3654b377
	   |-- fabric-game-rule-api-v1 1.0.40+1802ada577
	   |-- fabric-item-api-v1 2.1.28+1802ada577
	   |-- fabric-item-group-api-v1 4.0.12+1802ada577
	   |-- fabric-key-binding-api-v1 1.0.37+1802ada577
	   |-- fabric-keybindings-v0 0.2.35+df3654b377
	   |-- fabric-lifecycle-events-v1 2.2.22+1802ada577
	   |-- fabric-loot-api-v2 1.2.1+1802ada577
	   |-- fabric-loot-tables-v1 1.1.45+9e7660c677
	   |-- fabric-message-api-v1 5.1.9+1802ada577
	   |-- fabric-mining-level-api-v1 2.1.50+1802ada577
	   |-- fabric-model-loading-api-v1 1.0.3+1802ada577
	   |-- fabric-models-v0 0.4.2+9386d8a777
	   |-- fabric-networking-api-v1 1.3.11+1802ada577
	   |-- fabric-networking-v0 0.3.51+df3654b377
	   |-- fabric-object-builder-api-v1 11.1.3+1802ada577
	   |-- fabric-particles-v1 1.1.2+1802ada577
	   |-- fabric-recipe-api-v1 1.0.21+1802ada577
	   |-- fabric-registry-sync-v0 2.3.3+1802ada577
	   |-- fabric-renderer-api-v1 3.2.1+1802ada577
	   |-- fabric-renderer-indigo 1.5.1+1802ada577
	   |-- fabric-renderer-registries-v1 3.2.46+df3654b377
	   |-- fabric-rendering-data-attachment-v1 0.3.37+92a0d36777
	   |-- fabric-rendering-fluids-v1 3.0.28+1802ada577
	   |-- fabric-rendering-v0 1.1.49+df3654b377
	   |-- fabric-rendering-v1 3.0.8+1802ada577
	   |-- fabric-resource-conditions-api-v1 2.3.8+1802ada577
	   |-- fabric-resource-loader-v0 0.11.10+1802ada577
	   |-- fabric-screen-api-v1 2.0.8+1802ada577
	   |-- fabric-screen-handler-api-v1 1.3.30+1802ada577
	   |-- fabric-sound-api-v1 1.0.13+1802ada577
	   |-- fabric-transfer-api-v1 3.3.5+8dd72ea377
	   \-- fabric-transitive-access-wideners-v1 4.3.1+1802ada577
	- fabricloader 0.15.11
	   \-- mixinextras 0.3.5
	- forgeconfigapiport 8.0.0
	- immersive_weathering 1.20.1-2.0.1
	- java 17
	- minecraft 1.20.1
	- moonlight 1.20-2.11.24
	- puzzleslib 8.1.19
	   \-- puzzlesaccessapi 8.0.7
[22:23:31] [main/INFO]: SpongePowered MIXIN Subsystem Version=0.8.5 Source=file:/C:/Users/Starm/curseforge/minecraft/Install/libraries/net/fabricmc/sponge-mixin/0.13.3+mixin.0.8.5/sponge-mixin-0.13.3+mixin.0.8.5.jar Service=Knot/Fabric Env=CLIENT
[22:23:31] [main/INFO]: Compatibility level set to JAVA_17
[22:23:33] [main/INFO]: Initializing MixinExtras via com.llamalad7.mixinextras.service.MixinExtrasServiceImpl(version=0.3.5).
[22:23:38] [Datafixer Bootstrap/INFO]: 188 Datafixer optimizations took 138 milliseconds
[22:23:39] [Render thread/INFO]: Environment: authHost='https://authserver.mojang.com', accountsHost='https://api.mojang.com', sessionHost='https://sessionserver.mojang.com', servicesHost='https://api.minecraftservices.com', name='PROD'
[22:23:40] [Render thread/INFO]: Setting user: Iceman5703v2
[22:23:40] [Render thread/INFO]: Constructing common components for diagonalblocks:main
[22:23:40] [Render thread/INFO]: Constructing common components for diagonalwalls:main
[22:23:40] [Render thread/INFO]: Constructing shapes for DiagonalWallBlock[NodeWidth=0.0,ExtensionWidth=3.0,NodeTop=24.0,ExtensionBottom=0.0,ExtensionTop=24.0] took 80ms
[22:23:40] [Render thread/INFO]: Constructing shapes for DiagonalWallBlock[NodeWidth=0.0,ExtensionWidth=3.0,NodeTop=0.0,ExtensionBottom=0.0,ExtensionTop=14.0] took 87ms
[22:23:40] [Render thread/INFO]: Constructing shapes for DiagonalWallBlock[NodeWidth=4.0,ExtensionWidth=3.0,NodeTop=16.0,ExtensionBottom=0.0,ExtensionTop=14.0] took 55ms
[22:23:40] [Render thread/INFO]: Constructing shapes for DiagonalWallBlock[NodeWidth=4.0,ExtensionWidth=3.0,NodeTop=24.0,ExtensionBottom=0.0,ExtensionTop=24.0] took 20ms
[22:23:41] [Render thread/INFO]: Loaded config immersive_weathering-common.json
[22:23:41] [Render thread/INFO]: Loaded config immersive_weathering-client.json
[22:23:41] [Render thread/INFO]: Loaded config moonlight-client.json
[22:23:41] [Render thread/INFO]: Constructing common components for puzzleslib:main
[22:23:41] [Render thread/INFO]: Constructing client components for diagonalblocks:main
[22:23:42] [Render thread/INFO]: [Indigo] Registering Indigo renderer!
[22:23:43] [Render thread/INFO]: Initialized block sets in 10ms
[22:23:43] [Render thread/ERROR]: No data fixer registered for immersive_weathering:falling_icicle
[22:23:43] [Render thread/ERROR]: No data fixer registered for immersive_weathering:falling_layer
[22:23:43] [Render thread/ERROR]: No data fixer registered for immersive_weathering:falling_propagule
[22:23:43] [Render thread/INFO]: Initialized color sets in 6ms
[22:23:43] [Render thread/INFO]: Constructing client components for puzzleslib:main
[22:23:43] [Render thread/INFO]: Backend library: LWJGL version 3.3.1 SNAPSHOT
[22:23:44] [Render thread/INFO]: Running data generation for dynamic pack resources provided by 'diagonalblocks'
[22:23:45] [Render thread/INFO]: Data generation for dynamic pack resources provided by 'diagonalblocks' took 122ms
[22:23:45] [Render thread/INFO]: Reloading ResourceManager: vanilla, fabric (fabric-api, fabric-api-base, fabric-api-lookup-api-v1, fabric-biome-api-v1, fabric-block-api-v1, fabric-block-view-api-v2, fabric-blockrenderlayer-v1, fabric-client-tags-api-v1, fabric-command-api-v1, fabric-command-api-v2, fabric-commands-v0, fabric-containers-v0, fabric-content-registries-v0, fabric-convention-tags-v1, fabric-crash-report-info-v1, fabric-data-attachment-api-v1, fabric-data-generation-api-v1, fabric-dimensions-v1, fabric-entity-events-v1, fabric-events-interaction-v0, fabric-events-lifecycle-v0, fabric-game-rule-api-v1, fabric-item-api-v1, fabric-item-group-api-v1, fabric-key-binding-api-v1, fabric-keybindings-v0, fabric-lifecycle-events-v1, fabric-loot-api-v2, fabric-loot-tables-v1, fabric-message-api-v1, fabric-mining-level-api-v1, fabric-model-loading-api-v1, fabric-models-v0, fabric-networking-api-v1, fabric-networking-v0, fabric-object-builder-api-v1, fabric-particles-v1, fabric-recipe-api-v1, fabric-registry-sync-v0, fabric-renderer-api-v1, fabric-renderer-indigo, fabric-renderer-registries-v1, fabric-rendering-data-attachment-v1, fabric-rendering-fluids-v1, fabric-rendering-v0, fabric-rendering-v1, fabric-resource-conditions-api-v1, fabric-resource-loader-v0, fabric-screen-api-v1, fabric-screen-handler-api-v1, fabric-sound-api-v1, fabric-transfer-api-v1, fabric-transitive-access-wideners-v1, fabricloader, forgeconfigapiport, immersive_weathering, moonlight), Moonlight Mods Dynamic Assets, diagonalblocks:default_block_models
[22:23:45] [Render thread/INFO]: Generated runtime CLIENT_RESOURCES for pack Moonlight Mods Dynamic Assets (immersive_weathering) in: 66 ms
[22:23:45] [Render thread/INFO]: Generated runtime CLIENT_RESOURCES for pack Moonlight Mods Dynamic Assets (moonlight) in: 2 ms
[22:23:45] [Worker-Main-6/INFO]: Found unifont_all_no_pua-15.0.06.hex, loading
[22:23:48] [Render thread/WARN]: Missing sound for event: minecraft:item.goat_horn.play
[22:23:48] [Render thread/WARN]: Missing sound for event: minecraft:entity.goat.screaming.horn_break
[22:23:48] [Render thread/INFO]: OpenAL initialized on device OpenAL Soft on Headphone (Realtek(R) Audio)
[22:23:48] [Render thread/INFO]: Sound engine started
[22:23:48] [Render thread/INFO]: Created: 1024x512x4 minecraft:textures/atlas/blocks.png-atlas
[22:23:48] [Render thread/INFO]: Created: 256x256x4 minecraft:textures/atlas/signs.png-atlas
[22:23:48] [Render thread/INFO]: Created: 512x512x4 minecraft:textures/atlas/shield_patterns.png-atlas
[22:23:48] [Render thread/INFO]: Created: 512x512x4 minecraft:textures/atlas/banner_patterns.png-atlas
[22:23:48] [Render thread/INFO]: Created: 1024x1024x4 minecraft:textures/atlas/armor_trims.png-atlas
[22:23:48] [Render thread/INFO]: Created: 128x64x4 minecraft:textures/atlas/decorated_pot.png-atlas
[22:23:48] [Render thread/INFO]: Created: 256x256x4 minecraft:textures/atlas/chest.png-atlas
[22:23:48] [Render thread/INFO]: Created: 512x256x4 minecraft:textures/atlas/shulker_boxes.png-atlas
[22:23:48] [Render thread/INFO]: Created: 512x256x4 minecraft:textures/atlas/beds.png-atlas
[22:23:49] [Render thread/WARN]: Shader rendertype_entity_translucent_emissive could not find sampler named Sampler2 in the specified shader program.
[22:23:49] [Render thread/INFO]: Created: 512x256x0 minecraft:textures/atlas/particles.png-atlas
[22:23:49] [Render thread/INFO]: Created: 256x256x0 minecraft:textures/atlas/paintings.png-atlas
[22:23:49] [Render thread/INFO]: Created: 128x128x0 minecraft:textures/atlas/mob_effects.png-atlas
[22:23:49] [Render thread/INFO]: Created: 256x256x0 moonlight:textures/atlas/map_markers.png-atlas
[22:24:43] [Render thread/INFO]: Found new data pack Immersive Weathering Generated Pack, loading it automatically
[22:24:43] [Render thread/INFO]: Found new data pack Moonlight Mods Dynamic Assets, loading it automatically
[22:24:43] [Render thread/INFO]: Generated runtime SERVER_DATA for pack Immersive Weathering Generated Pack (immersive_weathering) in: 24 ms
[22:24:44] [Render thread/INFO]: Loaded 7 recipes
[22:24:44] [Render thread/INFO]: Loaded 1355 advancements
[22:24:46] [Render thread/INFO]: Loaded 78 block growths configurations
[22:24:46] [Render thread/INFO]: Loaded 14 liquid generators configurations
[22:25:01] [Render thread/INFO]: Generated runtime SERVER_DATA for pack Immersive Weathering Generated Pack (immersive_weathering) in: 0 ms
[22:25:02] [Render thread/INFO]: Applied 121 biome modifications to 53 of 64 new biomes in 10.85 ms
[22:25:02] [Server thread/INFO]: Starting integrated minecraft server version 1.20.1
[22:25:02] [Server thread/INFO]: Generating keypair
[22:25:04] [Server thread/INFO]: Preparing start region for dimension minecraft:overworld
[22:25:05] [Render thread/INFO]: Preparing spawn area: 0%
[22:25:05] [Render thread/INFO]: Preparing spawn area: 0%
[22:25:05] [Render thread/INFO]: Preparing spawn area: 0%
[22:25:06] [Render thread/INFO]: Preparing spawn area: 0%
[22:25:06] [Render thread/INFO]: Preparing spawn area: 2%
[22:25:07] [Render thread/INFO]: Preparing spawn area: 3%
[22:25:07] [Render thread/INFO]: Preparing spawn area: 5%
[22:25:08] [Render thread/INFO]: Preparing spawn area: 8%
[22:25:08] [Render thread/INFO]: Preparing spawn area: 10%
[22:25:09] [Render thread/INFO]: Preparing spawn area: 14%
[22:25:09] [Render thread/INFO]: Preparing spawn area: 16%
[22:25:10] [Render thread/INFO]: Preparing spawn area: 20%
[22:25:10] [Render thread/INFO]: Preparing spawn area: 23%
[22:25:11] [Render thread/INFO]: Preparing spawn area: 27%
[22:25:11] [Render thread/INFO]: Preparing spawn area: 31%
[22:25:12] [Render thread/INFO]: Preparing spawn area: 34%
[22:25:12] [Render thread/INFO]: Preparing spawn area: 38%
[22:25:13] [Render thread/INFO]: Preparing spawn area: 42%
[22:25:13] [Render thread/INFO]: Preparing spawn area: 43%
[22:25:14] [Render thread/INFO]: Preparing spawn area: 48%
[22:25:14] [Render thread/INFO]: Preparing spawn area: 51%
[22:25:15] [Render thread/INFO]: Preparing spawn area: 54%
[22:25:15] [Render thread/INFO]: Preparing spawn area: 57%
[22:25:16] [Render thread/INFO]: Preparing spawn area: 61%
[22:25:16] [Render thread/INFO]: Preparing spawn area: 66%
[22:25:17] [Render thread/INFO]: Preparing spawn area: 69%
[22:25:17] [Render thread/INFO]: Preparing spawn area: 71%
[22:25:18] [Render thread/INFO]: Preparing spawn area: 76%
[22:25:18] [Render thread/INFO]: Preparing spawn area: 81%
[22:25:19] [Render thread/INFO]: Preparing spawn area: 84%
[22:25:19] [Render thread/INFO]: Preparing spawn area: 86%
[22:25:20] [Render thread/INFO]: Preparing spawn area: 92%
[22:25:20] [Render thread/INFO]: Preparing spawn area: 95%
[22:25:20] [Render thread/INFO]: Time elapsed: 16263 ms
[22:25:21] [Server thread/INFO]: Changing view distance to 12, from 10
[22:25:21] [Server thread/INFO]: Changing simulation distance to 12, from 0
[22:25:22] [Server thread/INFO]: Iceman5703v2[local:E:282cf834] logged in with entity id 216 at (-9.5, 110.0, -1.5)
[22:25:22] [Server thread/INFO]: Iceman5703v2 joined the game
[22:25:22] [Render thread/INFO]: Synced immersive_weathering-common.json configs
[22:25:22] [Render thread/WARN]: Failed to get file path of mod moonlight: /
[22:25:22] [Render thread/WARN]: Failed to get file path of mod immersive_weathering: /
[22:25:22] [Render thread/INFO]: Loaded 2 advancements
[22:26:09] [Render thread/INFO]: [System] [CHAT] Saved screenshot as 2024-05-20_22.26.09.png
[22:26:12] [Render thread/INFO]: [System] [CHAT] Saved screenshot as 2024-05-20_22.26.12.png
[22:26:14] [Server thread/INFO]: Saving and pausing game...
[22:26:14] [Server thread/INFO]: Saving chunks for level 'ServerLevel[Immersive/Diagonal problem world]'/minecraft:overworld
[22:26:14] [Server thread/INFO]: Saving chunks for level 'ServerLevel[Immersive/Diagonal problem world]'/minecraft:the_nether
[22:26:14] [Server thread/INFO]: Saving chunks for level 'ServerLevel[Immersive/Diagonal problem world]'/minecraft:the_end
[22:27:48] [Render thread/INFO]: [System] [CHAT] Saved screenshot as 2024-05-20_22.27.48.png
[22:27:59] [Render thread/INFO]: [System] [CHAT] Saved screenshot as 2024-05-20_22.27.59.png
[22:28:00] [Server thread/INFO]: Saving and pausing game...
[22:28:00] [Server thread/INFO]: Saving chunks for level 'ServerLevel[Immersive/Diagonal problem world]'/minecraft:overworld
[22:28:00] [Server thread/INFO]: Saving chunks for level 'ServerLevel[Immersive/Diagonal problem world]'/minecraft:the_nether
[22:28:00] [Server thread/INFO]: Saving chunks for level 'ServerLevel[Immersive/Diagonal problem world]'/minecraft:the_end
[22:28:01] [Server thread/INFO]: Iceman5703v2 lost connection: Disconnected
[22:28:01] [Server thread/INFO]: Iceman5703v2 left the game
[22:28:01] [Server thread/INFO]: Stopping singleplayer server as player logged out
[22:28:01] [Server thread/INFO]: Stopping server
[22:28:01] [Server thread/INFO]: Saving players
[22:28:01] [Server thread/INFO]: Saving worlds
[22:28:02] [Server thread/INFO]: Saving chunks for level 'ServerLevel[Immersive/Diagonal problem world]'/minecraft:overworld
[22:28:02] [Server thread/INFO]: Saving chunks for level 'ServerLevel[Immersive/Diagonal problem world]'/minecraft:the_nether
[22:28:02] [Server thread/INFO]: Saving chunks for level 'ServerLevel[Immersive/Diagonal problem world]'/minecraft:the_end
[22:28:02] [Server thread/INFO]: ThreadedAnvilChunkStorage (Immersive_Diagonal problem world): All chunks are saved
[22:28:02] [Server thread/INFO]: ThreadedAnvilChunkStorage (DIM-1): All chunks are saved
[22:28:02] [Server thread/INFO]: ThreadedAnvilChunkStorage (DIM1): All chunks are saved
[22:28:02] [Server thread/INFO]: ThreadedAnvilChunkStorage: All dimensions are saved
[22:28:03] [Render thread/INFO]: Stopping!
